<?xml version="1.0" encoding="UTF-8"?>
<!-- Generated by org.testng.reporters.JUnitReportReporter -->
<testsuite skipped="0" hostname="KALAMSIR-PC" name="practicetestng.TestngDummy2" tests="1" failures="0" timestamp="2022-10-16T11:15:05 IST" time="6.730" errors="0">
  <testcase name="method" time="6.730" classname="practicetestng.TestngDummy2"/>
  <system-out/>
</testsuite> <!-- practicetestng.TestngDummy2 -->
