<?xml version="1.0" encoding="UTF-8"?>
<!-- Generated by org.testng.reporters.JUnitReportReporter -->
<testsuite skipped="0" hostname="KALAMSIR-PC" name="practicetestng.TestngDummy6" tests="2" failures="0" timestamp="2022-10-16T12:39:17 IST" time="0.011" errors="0">
  <testcase name="openbrowser" time="0.009" classname="practicetestng.TestngDummy6"/>
  <system-out/>
  <testcase name="login" time="0.002" classname="practicetestng.TestngDummy6"/>
  <system-out/>
</testsuite> <!-- practicetestng.TestngDummy6 -->
