<?xml version="1.0" encoding="UTF-8"?>
<!-- Generated by org.testng.reporters.JUnitReportReporter -->
<testsuite skipped="0" hostname="KALAMSIR-PC" name="practicetestng.TestngDummy3" tests="1" failures="0" timestamp="2022-10-16T11:47:08 IST" time="6.488" errors="0">
  <testcase name="method" time="6.488" classname="practicetestng.TestngDummy3"/>
  <system-out/>
</testsuite> <!-- practicetestng.TestngDummy3 -->
