<?xml version="1.0" encoding="UTF-8"?>
<!-- Generated by org.testng.reporters.JUnitReportReporter -->
<testsuite skipped="0" hostname="KALAMSIR-PC" name="practicetestng.DummyTest3" tests="1" failures="0" timestamp="2022-11-06T12:29:03 IST" time="0.005" errors="0">
  <testcase name="method1" time="0.005" classname="practicetestng.DummyTest3"/>
  <system-out/>
</testsuite> <!-- practicetestng.DummyTest3 -->
