<?xml version="1.0" encoding="UTF-8"?>
<!-- Generated by org.testng.reporters.JUnitReportReporter -->
<testsuite skipped="0" hostname="KALAMSIR-PC" name="practicetestng.TestngDummy4" tests="1" failures="0" timestamp="2022-10-16T12:04:37 IST" time="20.009" errors="0">
  <testcase name="method" time="20.009" classname="practicetestng.TestngDummy4"/>
  <system-out/>
</testsuite> <!-- practicetestng.TestngDummy4 -->
