<?xml version="1.0" encoding="UTF-8"?>
<!-- Generated by org.testng.reporters.JUnitReportReporter -->
<testsuite skipped="0" hostname="KALAMSIR-PC" name="practicetestng.TestngDummy17" tests="4" failures="0" timestamp="2022-10-30T12:56:30 IST" time="0.023" errors="0">
  <testcase name="method123" time="0.001" classname="practicetestng.TestngDummy17"/>
  <system-out/>
  <testcase name="method123" time="0.020" classname="practicetestng.TestngDummy17"/>
  <system-out/>
  <testcase name="method123" time="0.001" classname="practicetestng.TestngDummy17"/>
  <system-out/>
  <testcase name="method123" time="0.001" classname="practicetestng.TestngDummy17"/>
  <system-out/>
</testsuite> <!-- practicetestng.TestngDummy17 -->
