<?xml version="1.0" encoding="UTF-8"?>
<!-- Generated by org.testng.reporters.JUnitReportReporter -->
<testsuite skipped="0" hostname="KALAMSIR-PC" name="practicetestng.TestngDummy15ExcelFile" tests="5" failures="0" timestamp="2022-10-29T12:52:09 IST" time="0.006" errors="0">
  <testcase name="method2" time="0.001" classname="practicetestng.TestngDummy15ExcelFile"/>
  <system-out/>
  <testcase name="method2" time="0.001" classname="practicetestng.TestngDummy15ExcelFile"/>
  <system-out/>
  <testcase name="method2" time="0.000" classname="practicetestng.TestngDummy15ExcelFile"/>
  <system-out/>
  <testcase name="method2" time="0.004" classname="practicetestng.TestngDummy15ExcelFile"/>
  <system-out/>
  <testcase name="method2" time="0.000" classname="practicetestng.TestngDummy15ExcelFile"/>
  <system-out/>
</testsuite> <!-- practicetestng.TestngDummy15ExcelFile -->
