<?xml version="1.0" encoding="UTF-8"?>
<!-- Generated by org.testng.reporters.JUnitReportReporter -->
<testsuite skipped="0" hostname="KALAMSIR-PC" name="practicetestng.DummyTest1" tests="2" failures="0" timestamp="2022-11-05T12:53:46 IST" time="0.038" errors="0">
  <testcase name="method1" time="0.019" classname="practicetestng.DummyTest1"/>
  <system-out/>
  <testcase name="method2" time="0.019" classname="practicetestng.DummyTest1"/>
  <system-out/>
</testsuite> <!-- practicetestng.DummyTest1 -->
