<?xml version="1.0" encoding="UTF-8"?>
<!-- Generated by org.testng.reporters.JUnitReportReporter -->
<testsuite skipped="0" hostname="KALAMSIR-PC" name="practicetestng.TestngDummy9" tests="6" failures="0" timestamp="2022-10-22T12:26:48 IST" time="0.008" errors="0">
  <testcase name="testmethod1" time="0.001" classname="practicetestng.TestngDummy9"/>
  <system-out/>
  <testcase name="testmethod1" time="0.000" classname="practicetestng.TestngDummy9"/>
  <system-out/>
  <testcase name="testmethod1" time="0.005" classname="practicetestng.TestngDummy9"/>
  <system-out/>
  <testcase name="testmethod2" time="0.001" classname="practicetestng.TestngDummy9"/>
  <system-out/>
  <testcase name="testmethod2" time="0.000" classname="practicetestng.TestngDummy9"/>
  <system-out/>
  <testcase name="testmethod2" time="0.001" classname="practicetestng.TestngDummy9"/>
  <system-out/>
</testsuite> <!-- practicetestng.TestngDummy9 -->
