<?xml version="1.0" encoding="UTF-8"?>
<!-- Generated by org.testng.reporters.JUnitReportReporter -->
<testsuite skipped="0" hostname="KALAMSIR-PC" name="practicetestng.TestngDummy21" tests="1" failures="0" timestamp="2022-11-06T10:34:30 IST" time="14.536" errors="0">
  <testcase name="method1" time="14.536" classname="practicetestng.TestngDummy21"/>
  <system-out>
    <![CDATA[Chrome browser opened
<br>
Google site launched
<br>
<a href="E:\batch262\org.magnitia.testngpractice\target\06-Nov-2022-10-34-26.png"><img src="E:\batch262\org.magnitia.testngpractice\target\06-Nov-2022-10-34-26.png" height="100" width="100"/></a>]]>
  </system-out>
</testsuite> <!-- practicetestng.TestngDummy21 -->
