<?xml version="1.0" encoding="UTF-8"?>
<!-- Generated by org.testng.reporters.JUnitReportReporter -->
<testsuite skipped="0" hostname="KALAMSIR-PC" name="practicetestng.TestngDummy11" tests="8" failures="0" timestamp="2022-10-23T11:29:04 IST" time="0.014" errors="0">
  <testcase name="numbersaddition" time="0.001" classname="practicetestng.TestngDummy11"/>
  <system-out/>
  <testcase name="numbersdivison" time="0.001" classname="practicetestng.TestngDummy11"/>
  <system-out/>
  <testcase name="numberssubstract" time="0.001" classname="practicetestng.TestngDummy11"/>
  <system-out/>
  <testcase name="numbersmultiply" time="0.001" classname="practicetestng.TestngDummy11"/>
  <system-out/>
  <testcase name="numbersaddition" time="0.007" classname="practicetestng.TestngDummy11"/>
  <system-out/>
  <testcase name="numberssubstract" time="0.001" classname="practicetestng.TestngDummy11"/>
  <system-out/>
  <testcase name="numbersmultiply" time="0.001" classname="practicetestng.TestngDummy11"/>
  <system-out/>
  <testcase name="numbersdivison" time="0.001" classname="practicetestng.TestngDummy11"/>
  <system-out/>
</testsuite> <!-- practicetestng.TestngDummy11 -->
