<?xml version="1.0" encoding="UTF-8"?>
<!-- Generated by org.testng.reporters.JUnitReportReporter -->
<testsuite skipped="0" hostname="KALAMSIR-PC" name="practicetestng.TestngDummy14TextFile" tests="6" failures="0" timestamp="2022-10-29T12:07:27 IST" time="0.009" errors="0">
  <testcase name="method2" time="0.001" classname="practicetestng.TestngDummy14TextFile"/>
  <system-out/>
  <testcase name="method2" time="0.001" classname="practicetestng.TestngDummy14TextFile"/>
  <system-out/>
  <testcase name="method2" time="0.004" classname="practicetestng.TestngDummy14TextFile"/>
  <system-out/>
  <testcase name="method2" time="0.001" classname="practicetestng.TestngDummy14TextFile"/>
  <system-out/>
  <testcase name="method2" time="0.001" classname="practicetestng.TestngDummy14TextFile"/>
  <system-out/>
  <testcase name="method2" time="0.001" classname="practicetestng.TestngDummy14TextFile"/>
  <system-out/>
</testsuite> <!-- practicetestng.TestngDummy14TextFile -->
