<?xml version="1.0" encoding="UTF-8"?>
<!-- Generated by org.testng.reporters.JUnitReportReporter -->
<testsuite skipped="1" hostname="KALAMSIR-PC" name="practicetestng.TestngDummy12" tests="3" failures="0" timestamp="2022-10-23T12:58:40 IST" time="0.008" errors="0">
  <testcase name="openbrowser" time="0.007" classname="practicetestng.TestngDummy12"/>
  <system-out/>
  <testcase name="login" time="0.001" classname="practicetestng.TestngDummy12"/>
  <system-out/>
  <testcase name="sendMail" classname="practicetestng.TestngDummy12">
    <skipped/>
  </testcase> <!-- sendMail -->
  <system-out/>
</testsuite> <!-- practicetestng.TestngDummy12 -->
