<?xml version="1.0" encoding="UTF-8"?>
<!-- Generated by org.testng.reporters.JUnitReportReporter -->
<testsuite skipped="0" hostname="KALAMSIR-PC" name="practicetestng.TestngDummy23" tests="2" failures="0" timestamp="2022-11-06T12:58:44 IST" time="21.246" errors="0">
  <testcase name="magnitia" time="10.516" classname="practicetestng.TestngDummy23"/>
  <system-out/>
  <testcase name="gmail" time="10.730" classname="practicetestng.TestngDummy23"/>
  <system-out/>
</testsuite> <!-- practicetestng.TestngDummy23 -->
