<?xml version="1.0" encoding="UTF-8"?>
<!-- Generated by org.testng.reporters.JUnitReportReporter -->
<testsuite skipped="0" hostname="KALAMSIR-PC" name="practicetestng.TestngDummy24" tests="1" failures="0" timestamp="2022-11-24T09:37:08 IST" time="10.619" errors="0">
  <testcase name="magnitia" time="10.619" classname="practicetestng.TestngDummy24"/>
  <system-out/>
</testsuite> <!-- practicetestng.TestngDummy24 -->
